Command line invocation:
    /Applications/Xcode.app/Contents/Developer/usr/bin/xcodebuild -workspace StylIQ.xcworkspace -scheme StylIQ -configuration Debug -destination "platform=iOS Simulator,name=iPhone 16 Pro Max" build

ComputePackagePrebuildTargetDependencyGraph

Prepare packages

CreateBuildRequest

SendProjectDescription

CreateBuildOperation

ComputeTargetDependencyGraph
note: Building targets in dependency order
note: Target dependency graph (1 target)
    Target 'StylIQ' in project 'StylIQ' (no dependencies)

GatherProvisioningInputs

CreateBuildDescription

ExecuteExternalTool /Applications/Xcode.app/Contents/Developer/Toolchains/XcodeDefault.xctoolchain/usr/bin/clang -v -E -dM -isysroot /Applications/Xcode.app/Contents/Developer/Platforms/iPhoneSimulator.platform/Developer/SDKs/iPhoneSimulator26.0.sdk -x c -c /dev/null

ExecuteExternalTool /Applications/Xcode.app/Contents/Developer/Toolchains/XcodeDefault.xctoolchain/usr/bin/clang -v -E -dM -arch arm64 -isysroot /Applications/Xcode.app/Contents/Developer/Platforms/iPhoneSimulator.platform/Developer/SDKs/iPhoneSimulator26.0.sdk -x c -c /dev/null

ExecuteExternalTool /Applications/Xcode.app/Contents/Developer/usr/bin/ibtool --version --output-format xml1

ExecuteExternalTool /Applications/Xcode.app/Contents/Developer/usr/bin/actool --print-asset-tag-combinations --output-format xml1 /Users/giffinmike/Git/StylIQ-NEW-INSTALL copy/ios/StylIQ/Images.xcassets

ExecuteExternalTool /Applications/Xcode.app/Contents/Developer/usr/bin/actool --version --output-format xml1

ExecuteExternalTool /Applications/Xcode.app/Contents/Developer/Toolchains/XcodeDefault.xctoolchain/usr/bin/swiftc --version

ExecuteExternalTool /Applications/Xcode.app/Contents/Developer/Toolchains/XcodeDefault.xctoolchain/usr/bin/ld -version_details

Build description signature: 0ad8a628dee2ed4fd909db6d7aac2fb2
Build description path: /Users/giffinmike/Library/Developer/Xcode/DerivedData/StylIQ-bmklymsopdyhzyasdvnfegosdxgh/Build/Intermediates.noindex/XCBuildData/0ad8a628dee2ed4fd909db6d7aac2fb2.xcbuilddata
ClangStatCache /Applications/Xcode.app/Contents/Developer/Toolchains/XcodeDefault.xctoolchain/usr/bin/clang-stat-cache /Applications/Xcode.app/Contents/Developer/Platforms/iPhoneSimulator.platform/Developer/SDKs/iPhoneSimulator26.0.sdk /Users/giffinmike/Library/Developer/Xcode/DerivedData/SDKStatCaches.noindex/iphonesimulator26.0-23A339-26257891a6c027eb51374368541b8346.sdkstatcache
    cd /Users/giffinmike/Git/StylIQ-NEW-INSTALL\ copy/ios
    /Applications/Xcode.app/Contents/Developer/Toolchains/XcodeDefault.xctoolchain/usr/bin/clang-stat-cache /Applications/Xcode.app/Contents/Developer/Platforms/iPhoneSimulator.platform/Developer/SDKs/iPhoneSimulator26.0.sdk -o /Users/giffinmike/Library/Developer/Xcode/DerivedData/SDKStatCaches.noindex/iphonesimulator26.0-23A339-26257891a6c027eb51374368541b8346.sdkstatcache

ProcessProductPackaging /Users/giffinmike/Git/StylIQ-NEW-INSTALL\ copy/ios/StylIQ/StylIQ.entitlements /Users/giffinmike/Library/Developer/Xcode/DerivedData/StylIQ-bmklymsopdyhzyasdvnfegosdxgh/Build/Intermediates.noindex/StylIQ.build/Debug-iphonesimulator/StylIQ.build/StylIQ.app-Simulated.xcent (in target 'StylIQ' from project 'StylIQ')
    cd /Users/giffinmike/Git/StylIQ-NEW-INSTALL\ copy/ios
    
    Entitlements:
    
    {
    "application-identifier" = "VS7XWZXJ53.com.stylhelpr.stylhelpr";
    "aps-environment" = development;
}
    
    builtin-productPackagingUtility /Users/giffinmike/Git/StylIQ-NEW-INSTALL\ copy/ios/StylIQ/StylIQ.entitlements -entitlements -format xml -o /Users/giffinmike/Library/Developer/Xcode/DerivedData/StylIQ-bmklymsopdyhzyasdvnfegosdxgh/Build/Intermediates.noindex/StylIQ.build/Debug-iphonesimulator/StylIQ.build/StylIQ.app-Simulated.xcent

ProcessProductPackaging /Users/giffinmike/Git/StylIQ-NEW-INSTALL\ copy/ios/StylIQ/StylIQ.entitlements /Users/giffinmike/Library/Developer/Xcode/DerivedData/StylIQ-bmklymsopdyhzyasdvnfegosdxgh/Build/Intermediates.noindex/StylIQ.build/Debug-iphonesimulator/StylIQ.build/StylIQ.app.xcent (in target 'StylIQ' from project 'StylIQ')
    cd /Users/giffinmike/Git/StylIQ-NEW-INSTALL\ copy/ios
    
    Entitlements:
    
    {
}
    
    builtin-productPackagingUtility /Users/giffinmike/Git/StylIQ-NEW-INSTALL\ copy/ios/StylIQ/StylIQ.entitlements -entitlements -format xml -o /Users/giffinmike/Library/Developer/Xcode/DerivedData/StylIQ-bmklymsopdyhzyasdvnfegosdxgh/Build/Intermediates.noindex/StylIQ.build/Debug-iphonesimulator/StylIQ.build/StylIQ.app.xcent

ProcessProductPackagingDER /Users/giffinmike/Library/Developer/Xcode/DerivedData/StylIQ-bmklymsopdyhzyasdvnfegosdxgh/Build/Intermediates.noindex/StylIQ.build/Debug-iphonesimulator/StylIQ.build/StylIQ.app.xcent /Users/giffinmike/Library/Developer/Xcode/DerivedData/StylIQ-bmklymsopdyhzyasdvnfegosdxgh/Build/Intermediates.noindex/StylIQ.build/Debug-iphonesimulator/StylIQ.build/StylIQ.app.xcent.der (in target 'StylIQ' from project 'StylIQ')
    cd /Users/giffinmike/Git/StylIQ-NEW-INSTALL\ copy/ios
    /usr/bin/derq query -f xml -i /Users/giffinmike/Library/Developer/Xcode/DerivedData/StylIQ-bmklymsopdyhzyasdvnfegosdxgh/Build/Intermediates.noindex/StylIQ.build/Debug-iphonesimulator/StylIQ.build/StylIQ.app.xcent -o /Users/giffinmike/Library/Developer/Xcode/DerivedData/StylIQ-bmklymsopdyhzyasdvnfegosdxgh/Build/Intermediates.noindex/StylIQ.build/Debug-iphonesimulator/StylIQ.build/StylIQ.app.xcent.der --raw

ProcessProductPackagingDER /Users/giffinmike/Library/Developer/Xcode/DerivedData/StylIQ-bmklymsopdyhzyasdvnfegosdxgh/Build/Intermediates.noindex/StylIQ.build/Debug-iphonesimulator/StylIQ.build/StylIQ.app-Simulated.xcent /Users/giffinmike/Library/Developer/Xcode/DerivedData/StylIQ-bmklymsopdyhzyasdvnfegosdxgh/Build/Intermediates.noindex/StylIQ.build/Debug-iphonesimulator/StylIQ.build/StylIQ.app-Simulated.xcent.der (in target 'StylIQ' from project 'StylIQ')
    cd /Users/giffinmike/Git/StylIQ-NEW-INSTALL\ copy/ios
    /usr/bin/derq query -f xml -i /Users/giffinmike/Library/Developer/Xcode/DerivedData/StylIQ-bmklymsopdyhzyasdvnfegosdxgh/Build/Intermediates.noindex/StylIQ.build/Debug-iphonesimulator/StylIQ.build/StylIQ.app-Simulated.xcent -o /Users/giffinmike/Library/Developer/Xcode/DerivedData/StylIQ-bmklymsopdyhzyasdvnfegosdxgh/Build/Intermediates.noindex/StylIQ.build/Debug-iphonesimulator/StylIQ.build/StylIQ.app-Simulated.xcent.der --raw

CompileStoryboard /Users/giffinmike/Git/StylIQ-NEW-INSTALL\ copy/ios/StylIQ/LaunchScreen.storyboard (in target 'StylIQ' from project 'StylIQ')
    cd /Users/giffinmike/Git/StylIQ-NEW-INSTALL\ copy/ios
    /Applications/Xcode.app/Contents/Developer/usr/bin/ibtool --errors --warnings --notices --module StylIQ --output-partial-info-plist /Users/giffinmike/Library/Developer/Xcode/DerivedData/StylIQ-bmklymsopdyhzyasdvnfegosdxgh/Build/Intermediates.noindex/StylIQ.build/Debug-iphonesimulator/StylIQ.build/LaunchScreen-SBPartialInfo.plist --auto-activate-custom-fonts --target-device iphone --minimum-deployment-target 18.0 --output-format human-readable-text /Users/giffinmike/Git/StylIQ-NEW-INSTALL\ copy/ios/StylIQ/LaunchScreen.storyboard --compilation-directory /Users/giffinmike/Library/Developer/Xcode/DerivedData/StylIQ-bmklymsopdyhzyasdvnfegosdxgh/Build/Intermediates.noindex/StylIQ.build/Debug-iphonesimulator/StylIQ.build

CompileAssetCatalogVariant thinned /Users/giffinmike/Library/Developer/Xcode/DerivedData/StylIQ-bmklymsopdyhzyasdvnfegosdxgh/Build/Products/Debug-iphonesimulator/StylIQ.app /Users/giffinmike/Git/StylIQ-NEW-INSTALL\ copy/ios/StylIQ/Images.xcassets (in target 'StylIQ' from project 'StylIQ')
    cd /Users/giffinmike/Git/StylIQ-NEW-INSTALL\ copy/ios
    /Applications/Xcode.app/Contents/Developer/usr/bin/actool /Users/giffinmike/Git/StylIQ-NEW-INSTALL\ copy/ios/StylIQ/Images.xcassets --compile /Users/giffinmike/Library/Developer/Xcode/DerivedData/StylIQ-bmklymsopdyhzyasdvnfegosdxgh/Build/Intermediates.noindex/StylIQ.build/Debug-iphonesimulator/StylIQ.build/assetcatalog_output/thinned --output-format human-readable-text --notices --warnings --export-dependency-info /Users/giffinmike/Library/Developer/Xcode/DerivedData/StylIQ-bmklymsopdyhzyasdvnfegosdxgh/Build/Intermediates.noindex/StylIQ.build/Debug-iphonesimulator/StylIQ.build/assetcatalog_dependencies_thinned --output-partial-info-plist /Users/giffinmike/Library/Developer/Xcode/DerivedData/StylIQ-bmklymsopdyhzyasdvnfegosdxgh/Build/Intermediates.noindex/StylIQ.build/Debug-iphonesimulator/StylIQ.build/assetcatalog_generated_info.plist_thinned --app-icon AppIcon --compress-pngs --enable-on-demand-resources YES --filter-for-thinning-device-configuration iPhone17,2 --filter-for-device-os-version 26.0.1 --development-region en --target-device iphone --minimum-deployment-target 18.0 --platform iphonesimulator

SwiftDriver StylIQ normal arm64 com.apple.xcode.tools.swift.compiler (in target 'StylIQ' from project 'StylIQ')
    cd /Users/giffinmike/Git/StylIQ-NEW-INSTALL\ copy/ios
    builtin-SwiftDriver -- /Applications/Xcode.app/Contents/Developer/Toolchains/XcodeDefault.xctoolchain/usr/bin/swiftc -module-name StylIQ -Onone -enforce-exclusivity\=checked @/Users/giffinmike/Library/Developer/Xcode/DerivedData/StylIQ-bmklymsopdyhzyasdvnfegosdxgh/Build/Intermediates.noindex/StylIQ.build/Debug-iphonesimulator/StylIQ.build/Objects-normal/arm64/StylIQ.SwiftFileList -DDEBUG -enable-bare-slash-regex -enable-experimental-feature DebugDescriptionMacro -sdk /Applications/Xcode.app/Contents/Developer/Platforms/iPhoneSimulator.platform/Developer/SDKs/iPhoneSimulator26.0.sdk -target arm64-apple-ios18.0-simulator -g -module-cache-path /Users/giffinmike/Library/Developer/Xcode/DerivedData/ModuleCache.noindex -Xfrontend -serialize-debugging-options -enable-testing -index-store-path /Users/giffinmike/Library/Developer/Xcode/DerivedData/StylIQ-bmklymsopdyhzyasdvnfegosdxgh/Index.noindex/DataStore -Xcc -D_LIBCPP_HARDENING_MODE\=_LIBCPP_HARDENING_MODE_DEBUG -swift-version 5 -I /Users/giffinmike/Library/Developer/Xcode/DerivedData/StylIQ-bmklymsopdyhzyasdvnfegosdxgh/Build/Products/Debug-iphonesimulator -F /Users/giffinmike/Library/Developer/Xcode/DerivedData/StylIQ-bmklymsopdyhzyasdvnfegosdxgh/Build/Products/Debug-iphonesimulator -F /Applications/Xcode.app/Contents/Developer/Platforms/iPhoneSimulator.platform/Developer/SDKs/iPhoneSimulator26.0.sdk/System/Library/Frameworks -c -j16 -enable-batch-mode -incremental -Xcc -ivfsstatcache -Xcc /Users/giffinmike/Library/Developer/Xcode/DerivedData/SDKStatCaches.noindex/iphonesimulator26.0-23A339-26257891a6c027eb51374368541b8346.sdkstatcache -output-file-map /Users/giffinmike/Library/Developer/Xcode/DerivedData/StylIQ-bmklymsopdyhzyasdvnfegosdxgh/Build/Intermediates.noindex/StylIQ.build/Debug-iphonesimulator/StylIQ.build/Objects-normal/arm64/StylIQ-OutputFileMap.json -use-frontend-parseable-output -save-temps -no-color-diagnostics -explicit-module-build -module-cache-path /Users/giffinmike/Library/Developer/Xcode/DerivedData/StylIQ-bmklymsopdyhzyasdvnfegosdxgh/Build/Intermediates.noindex/SwiftExplicitPrecompiledModules -clang-scanner-module-cache-path /Users/giffinmike/Library/Developer/Xcode/DerivedData/ModuleCache.noindex -sdk-module-cache-path /Users/giffinmike/Library/Developer/Xcode/DerivedData/ModuleCache.noindex -serialize-diagnostics -emit-dependencies -emit-module -emit-module-path /Users/giffinmike/Library/Developer/Xcode/DerivedData/StylIQ-bmklymsopdyhzyasdvnfegosdxgh/Build/Intermediates.noindex/StylIQ.build/Debug-iphonesimulator/StylIQ.build/Objects-normal/arm64/StylIQ.swiftmodule -validate-clang-modules-once -clang-build-session-file /Users/giffinmike/Library/Developer/Xcode/DerivedData/ModuleCache.noindex/Session.modulevalidation -Xcc -I/Users/giffinmike/Library/Developer/Xcode/DerivedData/StylIQ-bmklymsopdyhzyasdvnfegosdxgh/Build/Intermediates.noindex/StylIQ.build/Debug-iphonesimulator/StylIQ.build/swift-overrides.hmap -emit-const-values -Xfrontend -const-gather-protocols-file -Xfrontend /Users/giffinmike/Library/Developer/Xcode/DerivedData/StylIQ-bmklymsopdyhzyasdvnfegosdxgh/Build/Intermediates.noindex/StylIQ.build/Debug-iphonesimulator/StylIQ.build/Objects-normal/arm64/StylIQ_const_extract_protocols.json -Xcc -iquote -Xcc /Users/giffinmike/Library/Developer/Xcode/DerivedData/StylIQ-bmklymsopdyhzyasdvnfegosdxgh/Build/Intermediates.noindex/StylIQ.build/Debug-iphonesimulator/StylIQ.build/StylIQ-generated-files.hmap -Xcc -I/Users/giffinmike/Library/Developer/Xcode/DerivedData/StylIQ-bmklymsopdyhzyasdvnfegosdxgh/Build/Intermediates.noindex/StylIQ.build/Debug-iphonesimulator/StylIQ.build/StylIQ-own-target-headers.hmap -Xcc -I/Users/giffinmike/Library/Developer/Xcode/DerivedData/StylIQ-bmklymsopdyhzyasdvnfegosdxgh/Build/Intermediates.noindex/StylIQ.build/Debug-iphonesimulator/StylIQ.build/StylIQ-all-target-headers.hmap -Xcc -iquote -Xcc /Users/giffinmike/Library/Developer/Xcode/DerivedData/StylIQ-bmklymsopdyhzyasdvnfegosdxgh/Build/Intermediates.noindex/StylIQ.build/Debug-iphonesimulator/StylIQ.build/StylIQ-project-headers.hmap -Xcc -I/Users/giffinmike/Library/Developer/Xcode/DerivedData/StylIQ-bmklymsopdyhzyasdvnfegosdxgh/Build/Products/Debug-iphonesimulator/include -Xcc -I/ReactCommon/ReactCommon.framework/Headers -Xcc -I/ReactCommon/ReactCommon.framework/Headers/react/nativemodule/core -Xcc -I/React-runtimeexecutor/React_runtimeexecutor.framework/Headers -Xcc -I/React-runtimeexecutor/React_runtimeexecutor.framework/Headers/platform/ios -Xcc -I/ReactCommon-Samples/ReactCommon_Samples.framework/Headers -Xcc -I/ReactCommon-Samples/ReactCommon_Samples.framework/Headers/platform/ios -Xcc -I/React-Fabric/React_Fabric.framework/Headers/react/renderer/components/view/platform/cxx -Xcc -I/React-NativeModulesApple/React_NativeModulesApple.framework/Headers -Xcc -I/React-graphics/React_graphics.framework/Headers -Xcc -I/React-graphics/React_graphics.framework/Headers/react/renderer/graphics/platform/ios -Xcc -I/Users/giffinmike/Library/Developer/Xcode/DerivedData/StylIQ-bmklymsopdyhzyasdvnfegosdxgh/Build/Intermediates.noindex/StylIQ.build/Debug-iphonesimulator/StylIQ.build/DerivedSources-normal/arm64 -Xcc -I/Users/giffinmike/Library/Developer/Xcode/DerivedData/StylIQ-bmklymsopdyhzyasdvnfegosdxgh/Build/Intermediates.noindex/StylIQ.build/Debug-iphonesimulator/StylIQ.build/DerivedSources/arm64 -Xcc -I/Users/giffinmike/Library/Developer/Xcode/DerivedData/StylIQ-bmklymsopdyhzyasdvnfegosdxgh/Build/Intermediates.noindex/StylIQ.build/Debug-iphonesimulator/StylIQ.build/DerivedSources -Xcc -DDEBUG\=1 -emit-objc-header -emit-objc-header-path /Users/giffinmike/Library/Developer/Xcode/DerivedData/StylIQ-bmklymsopdyhzyasdvnfegosdxgh/Build/Intermediates.noindex/StylIQ.build/Debug-iphonesimulator/StylIQ.build/Objects-normal/arm64/StylIQ-Swift.h -working-directory /Users/giffinmike/Git/StylIQ-NEW-INSTALL\ copy/ios -experimental-emit-module-separately -disable-cmo
/Users/giffinmike/Git/StylIQ-NEW-INSTALL copy/ios/StylIQ/AppDelegate.swift:2:8: error: Unable to find module dependency: 'React'
import React
       ^ (in target 'StylIQ' from project 'StylIQ')
/Users/giffinmike/Git/StylIQ-NEW-INSTALL copy/ios/StylIQ/AppDelegate.swift:2:8: note: A dependency of main module 'StylIQ'
import React
       ^ (in target 'StylIQ' from project 'StylIQ')
/Users/giffinmike/Git/StylIQ-NEW-INSTALL copy/ios/StylIQ/AppDelegate.swift:3:8: error: Unable to find module dependency: 'React_RCTAppDelegate'
import React_RCTAppDelegate
       ^ (in target 'StylIQ' from project 'StylIQ')
/Users/giffinmike/Git/StylIQ-NEW-INSTALL copy/ios/StylIQ/AppDelegate.swift:3:8: note: A dependency of main module 'StylIQ'
import React_RCTAppDelegate
       ^ (in target 'StylIQ' from project 'StylIQ')
/Users/giffinmike/Git/StylIQ-NEW-INSTALL copy/ios/StylIQ/AppDelegate.swift:4:8: error: Unable to find module dependency: 'ReactAppDependencyProvider'
import ReactAppDependencyProvider
       ^ (in target 'StylIQ' from project 'StylIQ')
/Users/giffinmike/Git/StylIQ-NEW-INSTALL copy/ios/StylIQ/AppDelegate.swift:4:8: note: A dependency of main module 'StylIQ'
import ReactAppDependencyProvider
       ^ (in target 'StylIQ' from project 'StylIQ')

warning: Run script build phase 'Bundle React Native code and images' will be run during every build because it does not specify any outputs. To address this issue, either add output dependencies to the script phase, or configure it to run in every build by unchecking "Based on dependency analysis" in the script phase. (in target 'StylIQ' from project 'StylIQ')
warning: Run script build phase 'Start Packager' will be run during every build because it does not specify any outputs. To address this issue, either add output dependencies to the script phase, or configure it to run in every build by unchecking "Based on dependency analysis" in the script phase. (in target 'StylIQ' from project 'StylIQ')
